<?xml version="1.0" encoding="UTF-8"?>
<!-- Generated by org.testng.reporters.JUnitXMLReporter -->
<testsuite hostname="MacBook-Pro-Igor.local" name="Command line test" tests="1" failures="0" timestamp="19 Dec 2015 18:42:06 GMT" time="0.015" errors="0">
  <testcase name="@BeforeTest setUp" time="0.0" classname="test.TestGoogleSearch">
    <failure type="org.testng.TestNGException" message="
Parameter &amp;apos;browserVersion&amp;apos; is required by @Configuration on method setUp but has not been marked @Optional or defined
">
      <![CDATA[org.testng.TestNGException: 
Parameter 'browserVersion' is required by @Configuration on method setUp but has not been marked @Optional or defined

... Removed 28 stack frames]]>
    </failure>
  </testcase> <!-- @BeforeTest setUp -->
  <testcase name="@BeforeMethod setUp" time="0.0" classname="test.TestGoogleSearch">
    <skipped/>
  </testcase> <!-- @BeforeMethod setUp -->
  <testcase name="@AfterTest tearDown" time="0.0" classname="test.TestGoogleSearch">
    <skipped/>
  </testcase> <!-- @AfterTest tearDown -->
  <testcase name="shouldBeBlogTitle" time="0.003" classname="test.TestGoogleSearch">
    <skipped/>
  </testcase> <!-- shouldBeBlogTitle -->
</testsuite> <!-- Command line test -->
