<?xml version="1.0" encoding="UTF-8"?>
<testng-results skipped="1" failed="0" total="1" passed="0">
  <reporter-output>
  </reporter-output>
  <suite name="test.TestGoogleSearch" duration-ms="15" started-at="2015-12-19T18:42:06Z" finished-at="2015-12-19T18:42:06Z">
    <groups>
    </groups>
    <test name="Command line test" duration-ms="15" started-at="2015-12-19T18:42:06Z" finished-at="2015-12-19T18:42:06Z">
      <class name="test.TestGoogleSearch">
        <test-method status="FAIL" signature="setUp(java.lang.String, java.lang.String, java.lang.String)[pri:0, instance:test.TestGoogleSearch@67b6d4ae]" name="setUp" is-config="true" duration-ms="0" started-at="2015-12-20T00:42:06Z" finished-at="2015-12-20T00:42:06Z">
          <exception class="org.testng.TestNGException">
            <message>
              <![CDATA[
Parameter 'browserVersion' is required by @Configuration on method setUp but has not been marked @Optional or defined
]]>
            </message>
            <full-stacktrace>
              <![CDATA[org.testng.TestNGException: 
Parameter 'browserVersion' is required by @Configuration on method setUp but has not been marked @Optional or defined

	at org.testng.internal.Parameters.createParameters(Parameters.java:155)
	at org.testng.internal.Parameters.createParameters(Parameters.java:358)
	at org.testng.internal.Parameters.createConfigurationParameters(Parameters.java:86)
	at org.testng.internal.Invoker.invokeConfigurations(Invoker.java:199)
	at org.testng.internal.Invoker.invokeConfigurations(Invoker.java:138)
	at org.testng.TestRunner.beforeRun(TestRunner.java:641)
	at org.testng.TestRunner.run(TestRunner.java:609)
	at org.testng.SuiteRunner.runTest(SuiteRunner.java:348)
	at org.testng.SuiteRunner.runSequentially(SuiteRunner.java:343)
	at org.testng.SuiteRunner.privateRun(SuiteRunner.java:305)
	at org.testng.SuiteRunner.run(SuiteRunner.java:254)
	at org.testng.SuiteRunnerWorker.runSuite(SuiteRunnerWorker.java:52)
	at org.testng.SuiteRunnerWorker.run(SuiteRunnerWorker.java:86)
	at org.testng.TestNG.runSuitesSequentially(TestNG.java:1224)
	at org.testng.TestNG.runSuitesLocally(TestNG.java:1149)
	at org.testng.TestNG.run(TestNG.java:1057)
	at org.apache.maven.surefire.testng.TestNGExecutor.run(TestNGExecutor.java:70)
	at org.apache.maven.surefire.testng.TestNGDirectoryTestSuite.execute(TestNGDirectoryTestSuite.java:109)
	at org.apache.maven.surefire.testng.TestNGProvider.invoke(TestNGProvider.java:111)
	at sun.reflect.NativeMethodAccessorImpl.invoke0(Native Method)
	at sun.reflect.NativeMethodAccessorImpl.invoke(NativeMethodAccessorImpl.java:62)
	at sun.reflect.DelegatingMethodAccessorImpl.invoke(DelegatingMethodAccessorImpl.java:43)
	at java.lang.reflect.Method.invoke(Method.java:497)
	at org.apache.maven.surefire.util.ReflectionUtils.invokeMethodWithArray(ReflectionUtils.java:164)
	at org.apache.maven.surefire.booter.ProviderFactory$ProviderProxy.invoke(ProviderFactory.java:110)
	at org.apache.maven.surefire.booter.SurefireStarter.invokeProvider(SurefireStarter.java:175)
	at org.apache.maven.surefire.booter.SurefireStarter.runSuitesInProcessWhenForked(SurefireStarter.java:107)
	at org.apache.maven.surefire.booter.ForkedBooter.main(ForkedBooter.java:68)
]]>
            </full-stacktrace>
          </exception> <!-- org.testng.TestNGException -->
          <reporter-output>
          </reporter-output>
        </test-method> <!-- setUp -->
        <test-method status="SKIP" signature="setUp()[pri:0, instance:test.TestGoogleSearch@67b6d4ae]" name="setUp" is-config="true" duration-ms="0" started-at="2015-12-20T00:42:06Z" finished-at="2015-12-20T00:42:06Z">
          <reporter-output>
          </reporter-output>
        </test-method> <!-- setUp -->
        <test-method status="SKIP" signature="shouldBeBlogTitle()[pri:0, instance:test.TestGoogleSearch@67b6d4ae]" name="shouldBeBlogTitle" duration-ms="3" started-at="2015-12-20T00:42:06Z" finished-at="2015-12-20T00:42:06Z">
          <reporter-output>
          </reporter-output>
        </test-method> <!-- shouldBeBlogTitle -->
        <test-method status="SKIP" signature="tearDown()[pri:0, instance:test.TestGoogleSearch@67b6d4ae]" name="tearDown" is-config="true" duration-ms="0" started-at="2015-12-20T00:42:06Z" finished-at="2015-12-20T00:42:06Z">
          <reporter-output>
          </reporter-output>
        </test-method> <!-- tearDown -->
      </class> <!-- test.TestGoogleSearch -->
    </test> <!-- Command line test -->
  </suite> <!-- test.TestGoogleSearch -->
</testng-results>
